<?xml version="1.0" encoding="UTF-8"?>
<!-- Generated by org.testng.reporters.JUnitXMLReporter -->
<testsuite ignored="0" hostname="DESKTOP-PUJJMK1" failures="0" tests="1" name="test-table-1" time="3.695" errors="0" timestamp="2024-03-13T10:50:06 IST">
  <testcase classname="effigo.automate.tests.ValidateTableTest" name="testTable" time="2.766"/>
</testsuite> <!-- test-table-1 -->
