<!DOCTYPE suite SYSTEM "http://testng.org/testng-1.0.dtd">
<suite name="test-filters">
	<test name="filter-test-all">
		<classes>
			<class name="effigo.automate.tests.FilterTest"/>
		</classes>
	</test>
</suite>