<?xml version="1.0" encoding="UTF-8"?>
<!-- Generated by org.testng.reporters.JUnitReportReporter -->
<testsuite hostname="DESKTOP-PUJJMK1" failures="0" tests="1" name="com.scenario.automate.UploadAndDownloadTest" time="6.051" errors="0" timestamp="22 Feb 2024 10:49:01 GMT">
  <testcase classname="com.scenario.automate.UploadAndDownloadTest" name="testDownload" time="6.051"/>
</testsuite> <!-- com.scenario.automate.UploadAndDownloadTest -->
