<?xml version="1.0" encoding="UTF-8"?>
<!-- Generated by org.testng.reporters.JUnitReportReporter -->
<testsuite hostname="DESKTOP-PUJJMK1" failures="0" tests="5" name="com.scenario.automate.HandleAlertTests" time="48.460" errors="0" timestamp="23 Feb 2024 10:13:08 GMT">
  <testcase classname="com.scenario.automate.HandleAlertTests" name="testClosePopUp" time="38.151"/>
  <testcase classname="com.scenario.automate.HandleAlertTests" name="testModalOpenAndClose" time="6.516"/>
  <testcase classname="com.scenario.automate.HandleAlertTests" name="sendAlertMessageTest" time="1.000"/>
  <testcase classname="com.scenario.automate.HandleAlertTests" name="cancelAlertTest" time="1.928"/>
  <testcase classname="com.scenario.automate.HandleAlertTests" name="handleAlertTest" time="0.865"/>
</testsuite> <!-- com.scenario.automate.HandleAlertTests -->
