<?xml version="1.0" encoding="UTF-8"?>
<!-- Generated by org.testng.reporters.JUnitReportReporter -->
<testsuite hostname="DESKTOP-PUJJMK1" failures="0" tests="1" name="effigo.automate.tests.OrangeHrmTests" time="101.168" errors="0" timestamp="2024-03-23T23:14:37 IST" skipped="0">
  <testcase classname="effigo.automate.tests.OrangeHrmTests" name="test" time="101.168"/>
  <system-out/>
</testsuite> <!-- effigo.automate.tests.OrangeHrmTests -->
