<?xml version="1.0" encoding="UTF-8"?>
<!-- Generated by org.testng.reporters.JUnitReportReporter -->
<testsuite hostname="DESKTOP-PUJJMK1" failures="0" tests="1" name="com.scenario.automate.JsonTests" time="0.005" errors="0" timestamp="27 Feb 2024 09:05:12 GMT">
  <testcase classname="com.scenario.automate.JsonTests" name="jsonTest2" time="0.005"/>
</testsuite> <!-- com.scenario.automate.JsonTests -->
