<?xml version="1.0" encoding="UTF-8"?>
<!-- Generated by org.testng.reporters.JUnitReportReporter -->
<testsuite hostname="DESKTOP-PUJJMK1" failures="0" tests="1" name="com.scenario.automate.WaitAndClickElementTest" time="0.823" errors="0" timestamp="20 Feb 2024 08:26:19 GMT">
  <testcase classname="com.scenario.automate.WaitAndClickElementTest" name="testDataInTextField" time="0.823"/>
</testsuite> <!-- com.scenario.automate.WaitAndClickElementTest -->
