<?xml version="1.0" encoding="UTF-8"?>
<!-- Generated by org.testng.reporters.JUnitReportReporter -->
<testsuite hostname="DESKTOP-PUJJMK1" failures="0" tests="1" name="com.scenario.automate.RunOnlyFailedTests" time="0.174" errors="0" timestamp="27 Feb 2024 10:24:44 GMT">
  <testcase classname="com.scenario.automate.RunOnlyFailedTests" name="testRunOnlyTest" time="0.174"/>
</testsuite> <!-- com.scenario.automate.RunOnlyFailedTests -->
