<?xml version="1.0" encoding="UTF-8"?>
<!-- Generated by org.testng.reporters.JUnitReportReporter -->
<testsuite hostname="DESKTOP-PUJJMK1" failures="0" tests="1" name="com.scenario.automate.TestHoverMouse" time="6.499" errors="0" timestamp="20 Feb 2024 08:20:18 GMT">
  <testcase classname="com.scenario.automate.TestHoverMouse" name="testHoverMouse" time="6.499"/>
</testsuite> <!-- com.scenario.automate.TestHoverMouse -->
