<?xml version="1.0" encoding="UTF-8"?>
<!-- Generated by org.testng.reporters.JUnitReportReporter -->
<testsuite hostname="DESKTOP-PUJJMK1" failures="0" tests="5" name="com.scenario.automate.HandleAlertTests" time="88.041" errors="0" timestamp="2024-03-11T18:02:40 IST" skipped="0">
  <testcase classname="com.scenario.automate.HandleAlertTests" name="testClosePopUp" time="50.566"/>
  <testcase classname="com.scenario.automate.HandleAlertTests" name="sendAlertMessageTest" time="2.964"/>
  <testcase classname="com.scenario.automate.HandleAlertTests" name="handleAlertTest" time="2.778"/>
  <testcase classname="com.scenario.automate.HandleAlertTests" name="cancelAlertTest" time="5.971"/>
  <testcase classname="com.scenario.automate.HandleAlertTests" name="testModalOpenAndClose" time="25.762"/>
</testsuite> <!-- com.scenario.automate.HandleAlertTests -->
