<?xml version="1.0" encoding="UTF-8"?>
<!-- Generated by org.testng.reporters.JUnitReportReporter -->
<testsuite hostname="DESKTOP-PUJJMK1" failures="0" tests="2" name="com.scenario.automate.RestApiTest" time="0.334" errors="0" timestamp="2024-03-12T11:38:58 IST" skipped="0">
  <testcase classname="com.scenario.automate.RestApiTest" name="restApiTestOne" time="0.174"/>
  <testcase classname="com.scenario.automate.RestApiTest" name="restApiTestTwo" time="0.160"/>
</testsuite> <!-- com.scenario.automate.RestApiTest -->
