<?xml version="1.0" encoding="UTF-8"?>
<!-- Generated by org.testng.reporters.JUnitReportReporter -->
<testsuite hostname="DESKTOP-PUJJMK1" failures="0" tests="5" name="com.scenario.automate.HandleAlertTests" time="101.547" errors="0" timestamp="2024-03-11T16:20:30 IST" skipped="0">
  <testcase classname="com.scenario.automate.HandleAlertTests" name="handleAlertTest" time="5.885"/>
  <testcase classname="com.scenario.automate.HandleAlertTests" name="testModalOpenAndClose" time="22.827"/>
  <testcase classname="com.scenario.automate.HandleAlertTests" name="testClosePopUp" time="51.959"/>
  <testcase classname="com.scenario.automate.HandleAlertTests" name="cancelAlertTest" time="10.269"/>
  <testcase classname="com.scenario.automate.HandleAlertTests" name="sendAlertMessageTest" time="10.607"/>
</testsuite> <!-- com.scenario.automate.HandleAlertTests -->
