<?xml version="1.0" encoding="UTF-8"?>
<!-- Generated by org.testng.reporters.JUnitReportReporter -->
<testsuite hostname="DESKTOP-PUJJMK1" failures="0" tests="1" name="effigo.automate.tests.CurlWithLambdaTest" time="1.070" errors="0" timestamp="2024-03-07T10:45:26 IST" skipped="0">
  <testcase classname="effigo.automate.tests.CurlWithLambdaTest" name="testBasicApiCall" time="1.070"/>
</testsuite> <!-- effigo.automate.tests.CurlWithLambdaTest -->
