<?xml version="1.0" encoding="UTF-8"?>
<!-- Generated by org.testng.reporters.JUnitReportReporter -->
<testsuite hostname="DESKTOP-PUJJMK1" failures="0" tests="2" name="com.scenario.automate.RestApiTest" time="2.795" errors="0" timestamp="2024-03-12T11:10:07 IST" skipped="0">
  <testcase classname="com.scenario.automate.RestApiTest" name="restApiTestOne" time="1.999"/>
  <testcase classname="com.scenario.automate.RestApiTest" name="restApiTestTwo" time="0.796"/>
</testsuite> <!-- com.scenario.automate.RestApiTest -->
